{"/home/developer/projects/test/src/index.js": {"path":"/home/developer/projects/test/src/index.js","statementMap":{"0":{"start":{"line":1,"column":22},"end":{"line":1,"column":54}}},"fnMap":{"0":{"name":"(anonymous_0)","decl":{"start":{"line":1,"column":15},"end":{"line":1,"column":16}},"loc":{"start":{"line":1,"column":22},"end":{"line":1,"column":54}},"line":1}},"branchMap":{},"s":{"0":2},"f":{"0":2},"b":{},"_coverageSchema":"1a1c01bbd47fc00a2c39e90264f33305004495a9","hash":"9729bafe0ed2e18cc92bcc7da310774b7b2644ce"}
,"/home/developer/projects/test/src/stack.js": {"path":"/home/developer/projects/test/src/stack.js","statementMap":{"0":{"start":{"line":1,"column":21},"end":{"line":1,"column":23}}},"fnMap":{"0":{"name":"(anonymous_0)","decl":{"start":{"line":1,"column":15},"end":{"line":1,"column":16}},"loc":{"start":{"line":1,"column":21},"end":{"line":1,"column":23}},"line":1}},"branchMap":{},"s":{"0":3},"f":{"0":3},"b":{},"_coverageSchema":"1a1c01bbd47fc00a2c39e90264f33305004495a9","hash":"64827364609414a4b689b89c207b9b4cca095c7c"}
}
